<?xml version="1.0" encoding="UTF-8"?>
<testng-results ignored="0" total="1" passed="1" failed="0" skipped="0">
  <reporter-output>
  </reporter-output>
  <suite started-at="2025-04-21T13:04:34 IST" name="Default suite" finished-at="2025-04-21T13:05:29 IST" duration-ms="54737">
    <groups>
    </groups>
    <test started-at="2025-04-21T13:04:34 IST" name="Default test" finished-at="2025-04-21T13:05:29 IST" duration-ms="54737">
      <class name="com.crm.VE3Tasks.Cart_Operations">
        <test-method is-config="true" signature="preCondition()[pri:0, instance:com.crm.VE3Tasks.Cart_Operations@292b08d6]" started-at="2025-04-21T13:04:34 IST" name="preCondition" finished-at="2025-04-21T13:04:38 IST" duration-ms="3570" status="PASS">
          <reporter-output>
          </reporter-output>
        </test-method> <!-- preCondition -->
        <test-method is-config="true" signature="login()[pri:0, instance:com.crm.VE3Tasks.Cart_Operations@292b08d6]" started-at="2025-04-21T13:04:38 IST" name="login" finished-at="2025-04-21T13:05:08 IST" duration-ms="29808" status="PASS">
          <reporter-output>
          </reporter-output>
        </test-method> <!-- login -->
        <test-method signature="Add_Product()[pri:0, instance:com.crm.VE3Tasks.Cart_Operations@292b08d6]" started-at="2025-04-21T13:05:08 IST" name="Add_Product" finished-at="2025-04-21T13:05:29 IST" duration-ms="20969" status="PASS">
          <reporter-output>
          </reporter-output>
        </test-method> <!-- Add_Product -->
        <test-method is-config="true" signature="postCondition()[pri:0, instance:com.crm.VE3Tasks.Cart_Operations@292b08d6]" started-at="2025-04-21T13:05:29 IST" name="postCondition" finished-at="2025-04-21T13:05:29 IST" duration-ms="140" status="PASS">
          <reporter-output>
          </reporter-output>
        </test-method> <!-- postCondition -->
      </class> <!-- com.crm.VE3Tasks.Cart_Operations -->
    </test> <!-- Default test -->
  </suite> <!-- Default suite -->
</testng-results>
